<?xml version="1.0" encoding="utf-8"?><testsuites name="pytest tests"><testsuite name="pytest" errors="0" failures="1" skipped="0" tests="8" time="3.874" timestamp="2026-09-03T13:54:45.317040+00:00" hostname="agent-env-243a1100-edb7-43df-92cf-a275ba680267"><testcase classname="tests.backend_test.TestHealth" name="test_api_root" time="0.420" /><testcase classname="tests.backend_test.TestAudienceRequests" name="test_create_and_persist" time="2.477"><failure message="AssertionError: Internal Server Error&#10;assert 500 == 200&#10; +  where 500 = &lt;Response [500]&gt;.status_code">tests/backend_test.py:56: in test_create_and_persist
    assert lr.status_code == 200, lr.text
E   AssertionError: Internal Server Error
E   assert 500 == 200
E    +  where 500 = &lt;Response [500]&gt;.status_code</failure></testcase><testcase classname="tests.backend_test.TestAudienceRequests" name="test_create_with_optional_fields" time="0.276" /><testcase classname="tests.backend_test.TestAudienceRequests" name="test_validation_errors[bad_payload0]" time="0.098" /><testcase classname="tests.backend_test.TestAudienceRequests" name="test_validation_errors[bad_payload1]" time="0.103" /><testcase classname="tests.backend_test.TestAudienceRequests" name="test_validation_errors[bad_payload2]" time="0.087" /><testcase classname="tests.backend_test.TestAudienceRequests" name="test_validation_errors[bad_payload3]" time="0.096" /><testcase classname="tests.backend_test.TestAudienceRequests" name="test_validation_errors[bad_payload4]" time="0.094" /></testsuite></testsuites>