<?xml version="1.0" encoding="utf-8"?><testsuites name="pytest tests"><testsuite name="pytest" errors="0" failures="0" skipped="0" tests="8" time="1.602" timestamp="2026-09-03T14:24:45.817041+00:00" hostname="agent-env-243a1100-edb7-43df-92cf-a275ba680267"><testcase classname="backend.tests.backend_test.TestHealth" name="test_api_root" time="0.393" /><testcase classname="backend.tests.backend_test.TestAudienceRequests" name="test_create_and_persist" time="0.447" /><testcase classname="backend.tests.backend_test.TestAudienceRequests" name="test_create_with_optional_fields" time="0.298" /><testcase classname="backend.tests.backend_test.TestAudienceRequests" name="test_validation_errors[bad_payload0]" time="0.080" /><testcase classname="backend.tests.backend_test.TestAudienceRequests" name="test_validation_errors[bad_payload1]" time="0.070" /><testcase classname="backend.tests.backend_test.TestAudienceRequests" name="test_validation_errors[bad_payload2]" time="0.064" /><testcase classname="backend.tests.backend_test.TestAudienceRequests" name="test_validation_errors[bad_payload3]" time="0.066" /><testcase classname="backend.tests.backend_test.TestAudienceRequests" name="test_validation_errors[bad_payload4]" time="0.120" /></testsuite></testsuites>